{
  "RSpec": {
    "coverage": {
      "/mnt/c/users/rapha/desktop/Rocket_Elevators_Foundation/spec/controllers/building_details_spec.rb": [
        1,
        1,
        null,
        1,
        null,
        null,
        1,
        1,
        null,
        null,
        null,
        1,
        1,
        1,
        null,
        null
      ],
      "/mnt/c/users/rapha/desktop/Rocket_Elevators_Foundation/spec/rails_helper.rb": [
        null,
        1,
        1,
        1,
        null,
        1,
        1,
        null,
        null,
        null,
        null,
        null,
        null,
        null,
        null,
        null,
        null,
        null,
        null,
        null,
        null,
        null,
        null,
        null,
        null,
        null,
        null,
        1,
        null,
        0,
        0,
        null,
        1,
        null,
        1,
        null,
        null,
        null,
        null,
        1,
        null,
        null,
        null,
        null,
        null,
        null,
        null,
        null,
        null,
        null,
        null,
        null,
        null,
        null,
        1,
        null,
        null,
        1,
        null,
        null,
        null
      ],
      "/mnt/c/users/rapha/desktop/Rocket_Elevators_Foundation/config/environment.rb": [
        null,
        1,
        1,
        null,
        1
      ],
      "/mnt/c/users/rapha/desktop/Rocket_Elevators_Foundation/config/application.rb": [
        1,
        null,
        1,
        null,
        null,
        null,
        1,
        null,
        1,
        1,
        null,
        1,
        null,
        1,
        1,
        null,
        14,
        1,
        null,
        null,
        null,
        null,
        null,
        null,
        null
      ],
      "/mnt/c/users/rapha/desktop/Rocket_Elevators_Foundation/config/boot.rb": [
        1,
        null,
        1,
        1
      ],
      "/mnt/c/users/rapha/desktop/Rocket_Elevators_Foundation/config/environments/test.rb": [
        1,
        null,
        null,
        null,
        null,
        null,
        null,
        1,
        null,
        null,
        null,
        null,
        1,
        null,
        null,
        1,
        1,
        null,
        null,
        null,
        null,
        1,
        1,
        null,
        null,
        1,
        null,
        null,
        1,
        null,
        null,
        1,
        null,
        1,
        null,
        null,
        null,
        null,
        1,
        null,
        null,
        1,
        null,
        null,
        null,
        null
      ],
      "/mnt/c/users/rapha/desktop/Rocket_Elevators_Foundation/config/initializers/application_controller_renderer.rb": [
        null,
        null,
        null,
        null,
        null,
        null,
        null,
        null
      ],
      "/mnt/c/users/rapha/desktop/Rocket_Elevators_Foundation/config/initializers/assets.rb": [
        null,
        null,
        null,
        1,
        null,
        null,
        null,
        null,
        1,
        null,
        null,
        null,
        null,
        null,
        1,
        1,
        1
      ],
      "/mnt/c/users/rapha/desktop/Rocket_Elevators_Foundation/config/initializers/backtrace_silencers.rb": [
        null,
        null,
        null,
        null,
        null,
        null,
        null
      ],
      "/mnt/c/users/rapha/desktop/Rocket_Elevators_Foundation/config/initializers/content_security_policy.rb": [
        null,
        null,
        null,
        null,
        null,
        null,
        null,
        null,
        null,
        null,
        null,
        null,
        null,
        null,
        null,
        null,
        null,
        null,
        null,
        null,
        null,
        null,
        null,
        null,
        null
      ],
      "/mnt/c/users/rapha/desktop/Rocket_Elevators_Foundation/config/initializers/cookies_serializer.rb": [
        null,
        null,
        null,
        null,
        1
      ],
      "/mnt/c/users/rapha/desktop/Rocket_Elevators_Foundation/config/initializers/devise.rb": [
        null,
        null,
        null,
        null,
        1,
        null,
        null,
        null,
        null,
        null,
        null,
        null,
        null,
        null,
        null,
        null,
        null,
        null,
        null,
        null,
        1,
        null,
        null,
        null,
        null,
        null,
        null,
        null,
        null,
        null,
        null,
        null,
        1,
        null,
        null,
        null,
        null,
        null,
        null,
        null,
        null,
        null,
        null,
        null,
        null,
        null,
        null,
        null,
        null,
        null,
        null,
        null,
        null,
        null,
        1,
        null,
        null,
        null,
        null,
        1,
        null,
        null,
        null,
        null,
        null,
        null,
        null,
        null,
        null,
        null,
        null,
        null,
        null,
        null,
        null,
        null,
        null,
        null,
        null,
        null,
        null,
        null,
        null,
        null,
        null,
        null,
        null,
        null,
        null,
        null,
        1,
        null,
        null,
        null,
        null,
        null,
        null,
        null,
        null,
        null,
        null,
        null,
        null,
        null,
        null,
        null,
        null,
        null,
        null,
        null,
        null,
        null,
        null,
        1,
        null,
        null,
        null,
        null,
        null,
        null,
        null,
        null,
        null,
        null,
        null,
        null,
        null,
        null,
        null,
        null,
        null,
        null,
        null,
        null,
        null,
        null,
        null,
        null,
        null,
        null,
        null,
        null,
        null,
        null,
        null,
        null,
        null,
        1,
        null,
        null,
        null,
        null,
        null,
        null,
        null,
        null,
        null,
        1,
        null,
        null,
        null,
        null,
        null,
        null,
        null,
        null,
        null,
        null,
        1,
        null,
        null,
        null,
        null,
        1,
        null,
        null,
        null,
        null,
        null,
        null,
        null,
        null,
        null,
        null,
        null,
        null,
        null,
        null,
        null,
        null,
        null,
        null,
        null,
        null,
        null,
        null,
        null,
        null,
        null,
        null,
        null,
        null,
        null,
        null,
        null,
        null,
        null,
        null,
        null,
        null,
        null,
        null,
        null,
        null,
        1,
        null,
        null,
        null,
        null,
        null,
        null,
        null,
        null,
        null,
        null,
        null,
        null,
        null,
        null,
        null,
        null,
        null,
        null,
        null,
        null,
        null,
        null,
        null,
        null,
        null,
        null,
        null,
        null,
        null,
        null,
        null,
        null,
        null,
        null,
        null,
        null,
        null,
        null,
        null,
        null,
        null,
        1,
        null,
        null,
        null,
        null,
        null,
        null,
        null,
        null,
        null,
        null,
        null,
        null,
        null,
        null,
        null,
        null,
        null,
        null,
        null,
        null,
        null,
        null,
        null,
        null,
        null,
        null,
        null,
        null,
        null,
        null,
        null,
        null,
        null,
        null,
        null,
        null,
        null,
        null,
        null,
        null,
        null,
        null
      ],
      "/mnt/c/users/rapha/desktop/Rocket_Elevators_Foundation/config/initializers/filter_parameter_logging.rb": [
        null,
        null,
        null,
        1
      ],
      "/mnt/c/users/rapha/desktop/Rocket_Elevators_Foundation/config/initializers/inflections.rb": [
        null,
        null,
        null,
        null,
        null,
        null,
        null,
        null,
        null,
        null,
        null,
        null,
        null,
        null,
        null,
        null
      ],
      "/mnt/c/users/rapha/desktop/Rocket_Elevators_Foundation/config/initializers/mime_types.rb": [
        null,
        null,
        null,
        null
      ],
      "/mnt/c/users/rapha/desktop/Rocket_Elevators_Foundation/config/initializers/rails_admin.rb": [
        1,
        null,
        null,
        null,
        null,
        1,
        null,
        0,
        null,
        1,
        null,
        null,
        null,
        null,
        null,
        null,
        null,
        null,
        null,
        null,
        null,
        null,
        null,
        null,
        null,
        1,
        0,
        null,
        null,
        1,
        0,
        0,
        0,
        0,
        null,
        0,
        0,
        null,
        0,
        0,
        null,
        0,
        0,
        null,
        0,
        0,
        null,
        0,
        0,
        null,
        0,
        0,
        null,
        0,
        0,
        null,
        0,
        0,
        null,
        0,
        0,
        null,
        null,
        null,
        null,
        1,
        null,
        null,
        null,
        1,
        0,
        null,
        1,
        0,
        null,
        null,
        1,
        0,
        null,
        null,
        1,
        0,
        0,
        null,
        null,
        1,
        0,
        0,
        null,
        null,
        1,
        0,
        0,
        null,
        null,
        1,
        0,
        0,
        null,
        null,
        null,
        1,
        0,
        null,
        null,
        1,
        0,
        null,
        null,
        1,
        0,
        null,
        null,
        1,
        0,
        null,
        null,
        1,
        0,
        0,
        null,
        null,
        1,
        0,
        0,
        null,
        null,
        null,
        1,
        1,
        1,
        1,
        1,
        1,
        1,
        1,
        1,
        1,
        null,
        1,
        null,
        null,
        null,
        null,
        null,
        null
      ],
      "/mnt/c/users/rapha/desktop/Rocket_Elevators_Foundation/config/initializers/wrap_parameters.rb": [
        null,
        null,
        null,
        null,
        null,
        null,
        1,
        2,
        null,
        null,
        null,
        null,
        null,
        null
      ],
      "/mnt/c/users/rapha/desktop/Rocket_Elevators_Foundation/config/initializers/zendesk.rb": [
        1,
        null,
        1,
        null,
        null,
        1,
        null,
        1,
        null,
        null,
        1,
        null,
        null,
        null,
        null,
        null,
        null,
        null,
        1,
        null,
        null,
        1,
        1,
        null,
        null,
        null,
        null,
        null,
        null,
        null,
        null,
        null,
        null,
        null
      ],
      "/mnt/c/users/rapha/desktop/Rocket_Elevators_Foundation/config/routes.rb": [
        1,
        1,
        1,
        1,
        1,
        1,
        1,
        1,
        1,
        1,
        1,
        1,
        1,
        null,
        null,
        1,
        1,
        1,
        1,
        1,
        1,
        1,
        1,
        1,
        1,
        1,
        1,
        1,
        1,
        1,
        1,
        1,
        1,
        1,
        1,
        1,
        1,
        1,
        null,
        1,
        1,
        1,
        null,
        1,
        1,
        null,
        null,
        null,
        null,
        null,
        null,
        null,
        1,
        1,
        1,
        1,
        1,
        null,
        null,
        null,
        null,
        1,
        null,
        null
      ],
      "/mnt/c/users/rapha/desktop/Rocket_Elevators_Foundation/app/models/user.rb": [
        1,
        null,
        null,
        1,
        null,
        null,
        1,
        1,
        0,
        null,
        null
      ],
      "/mnt/c/users/rapha/desktop/Rocket_Elevators_Foundation/app/models/application_record.rb": [
        1,
        1,
        null
      ],
      "/mnt/c/users/rapha/desktop/Rocket_Elevators_Foundation/app/helpers/addresses_helper.rb": [
        1,
        null
      ],
      "/mnt/c/users/rapha/desktop/Rocket_Elevators_Foundation/app/helpers/api_rest_helper.rb": [
        1,
        null
      ],
      "/mnt/c/users/rapha/desktop/Rocket_Elevators_Foundation/app/helpers/application_helper.rb": [
        1,
        null
      ],
      "/mnt/c/users/rapha/desktop/Rocket_Elevators_Foundation/app/helpers/batteries_helper.rb": [
        1,
        null
      ],
      "/mnt/c/users/rapha/desktop/Rocket_Elevators_Foundation/app/helpers/building_details_helper.rb": [
        1,
        null
      ],
      "/mnt/c/users/rapha/desktop/Rocket_Elevators_Foundation/app/helpers/buildings_helper.rb": [
        1,
        null
      ],
      "/mnt/c/users/rapha/desktop/Rocket_Elevators_Foundation/app/helpers/columns_helper.rb": [
        1,
        null
      ],
      "/mnt/c/users/rapha/desktop/Rocket_Elevators_Foundation/app/helpers/customers_helper.rb": [
        1,
        null
      ],
      "/mnt/c/users/rapha/desktop/Rocket_Elevators_Foundation/app/helpers/dropbox_helper.rb": [
        1,
        null
      ],
      "/mnt/c/users/rapha/desktop/Rocket_Elevators_Foundation/app/helpers/elevators_helper.rb": [
        1,
        null
      ],
      "/mnt/c/users/rapha/desktop/Rocket_Elevators_Foundation/app/helpers/employees_helper.rb": [
        1,
        null
      ],
      "/mnt/c/users/rapha/desktop/Rocket_Elevators_Foundation/app/helpers/gmaps_helper.rb": [
        1,
        null
      ],
      "/mnt/c/users/rapha/desktop/Rocket_Elevators_Foundation/app/helpers/leads_helper.rb": [
        1,
        null
      ],
      "/mnt/c/users/rapha/desktop/Rocket_Elevators_Foundation/app/helpers/pages_helper.rb": [
        1,
        null
      ],
      "/mnt/c/users/rapha/desktop/Rocket_Elevators_Foundation/app/helpers/quotes_helper.rb": [
        1,
        null
      ],
      "/mnt/c/users/rapha/desktop/Rocket_Elevators_Foundation/app/helpers/stats_helper.rb": [
        1,
        null
      ],
      "/mnt/c/users/rapha/desktop/Rocket_Elevators_Foundation/app/helpers/watson_helper.rb": [
        1,
        null
      ],
      "/mnt/c/users/rapha/desktop/Rocket_Elevators_Foundation/app/controllers/building_details_controller.rb": [
        1,
        1,
        null,
        null,
        null,
        1,
        0,
        null,
        null,
        null,
        null,
        1,
        null,
        null,
        null,
        1,
        0,
        null,
        null,
        null,
        1,
        null,
        null,
        null,
        null,
        1,
        0,
        null,
        0,
        0,
        0,
        0,
        null,
        0,
        0,
        null,
        null,
        null,
        null,
        null,
        null,
        1,
        0,
        0,
        0,
        0,
        null,
        0,
        0,
        null,
        null,
        null,
        null,
        null,
        null,
        1,
        0,
        0,
        0,
        0,
        null,
        null,
        null,
        1,
        null,
        1,
        0,
        null,
        null,
        null,
        1,
        0,
        null,
        null
      ],
      "/mnt/c/users/rapha/desktop/Rocket_Elevators_Foundation/app/controllers/application_controller.rb": [
        1,
        null
      ],
      "/mnt/c/users/rapha/desktop/Rocket_Elevators_Foundation/spec/controllers/dropbox_spec.rb": [
        1,
        1,
        null,
        1,
        null,
        null,
        1,
        1,
        null,
        null,
        null,
        1,
        1,
        1,
        1,
        null,
        null
      ],
      "/mnt/c/users/rapha/desktop/Rocket_Elevators_Foundation/app/controllers/dropbox_controller.rb": [
        1,
        null,
        null,
        1,
        1,
        null,
        1,
        null,
        null,
        1,
        0,
        0,
        null,
        0,
        null,
        0,
        0,
        0,
        null,
        null,
        1,
        null,
        1,
        1,
        1,
        1,
        null,
        null,
        null,
        null,
        1,
        1,
        null,
        null,
        null
      ],
      "/mnt/c/users/rapha/desktop/Rocket_Elevators_Foundation/spec/controllers/interventions_spec.rb": [
        1,
        1,
        null,
        1,
        null,
        null,
        1,
        1,
        null,
        null,
        null,
        null,
        1,
        1,
        1,
        null,
        null,
        null
      ],
      "/mnt/c/users/rapha/desktop/Rocket_Elevators_Foundation/app/controllers/interventions_controller.rb": [
        1,
        1,
        1,
        null,
        null,
        1,
        0,
        null,
        null,
        null,
        1,
        0,
        0,
        null,
        0,
        null,
        0,
        0,
        0,
        0,
        null,
        null,
        null,
        null,
        null,
        null,
        1,
        0,
        0,
        null,
        0,
        null,
        0,
        0,
        0,
        0,
        null,
        null,
        null,
        null,
        null,
        null,
        1,
        0,
        0,
        null,
        0,
        null,
        0,
        0,
        0,
        0,
        null,
        null,
        null,
        null,
        null,
        null,
        1,
        0,
        0,
        null,
        0,
        null,
        0,
        0,
        0,
        0,
        null,
        null,
        null,
        null,
        null,
        1,
        null,
        null,
        null,
        1,
        0,
        null,
        null,
        null,
        1,
        null,
        null,
        null,
        null,
        null,
        1,
        null,
        0,
        null,
        null,
        0,
        0,
        0,
        0,
        null,
        null,
        0,
        0,
        0,
        null,
        0,
        null,
        0,
        null,
        null,
        null,
        0,
        0,
        0,
        0,
        0,
        0,
        0,
        0,
        0,
        null,
        null,
        null,
        0,
        null,
        null,
        null,
        null,
        null,
        null,
        null,
        null,
        null,
        null,
        null,
        null,
        0,
        0,
        0,
        0,
        0,
        0,
        null,
        0,
        0,
        0,
        null,
        null,
        null,
        null,
        null,
        1,
        0,
        0,
        0,
        null,
        0,
        null,
        0,
        0,
        null,
        null,
        null,
        null,
        null,
        1,
        0,
        0,
        0,
        0,
        null,
        null,
        null,
        1,
        null,
        1,
        0,
        null,
        null,
        null,
        1,
        0,
        null,
        null,
        null,
        null
      ],
      "/mnt/c/users/rapha/desktop/Rocket_Elevators_Foundation/spec/controllers/pages_spec.rb": [
        1,
        1,
        null,
        1,
        null,
        null,
        1,
        1,
        null,
        null,
        null,
        null,
        1,
        1,
        1,
        1,
        null,
        null,
        null,
        null,
        null,
        1,
        1,
        1,
        1,
        null,
        null,
        null,
        null,
        null,
        1,
        1,
        1,
        1,
        null,
        null,
        null
      ],
      "/mnt/c/users/rapha/desktop/Rocket_Elevators_Foundation/app/controllers/pages_controller.rb": [
        1,
        null,
        1,
        1,
        null,
        1,
        1,
        null,
        null,
        1,
        1,
        null,
        null,
        1,
        null,
        null,
        1,
        0,
        null,
        null,
        1,
        1,
        1,
        null,
        1,
        0,
        0,
        0,
        0,
        0,
        0,
        0,
        0,
        null,
        0,
        0,
        null,
        0,
        null,
        0,
        null,
        null,
        0,
        0,
        null,
        null,
        0,
        0,
        null,
        0,
        0,
        0,
        null,
        0,
        0,
        0,
        null,
        null,
        0,
        0,
        null,
        null,
        null,
        null,
        null
      ],
      "/mnt/c/users/rapha/desktop/Rocket_Elevators_Foundation/spec/controllers/stats_spec.rb": [
        1,
        1,
        null,
        1,
        null,
        null,
        1,
        1,
        null,
        null,
        null,
        null,
        1,
        1,
        1,
        null,
        null,
        null
      ],
      "/mnt/c/users/rapha/desktop/Rocket_Elevators_Foundation/app/controllers/stats_controller.rb": [
        1,
        1,
        1,
        null,
        1,
        0,
        null,
        null,
        null,
        null,
        null,
        1,
        0,
        0,
        null,
        null,
        null,
        0,
        0,
        null,
        0,
        null,
        null,
        null,
        0,
        0,
        null,
        0,
        null,
        null,
        null,
        0,
        0,
        null,
        null,
        null,
        null,
        null,
        null,
        1,
        null,
        null,
        null,
        1,
        0,
        null,
        null,
        null,
        1,
        null,
        null,
        null,
        null,
        1,
        0,
        null,
        0,
        0,
        0,
        0,
        null,
        0,
        0,
        null,
        null,
        null,
        null,
        null,
        null,
        1,
        0,
        0,
        0,
        0,
        null,
        0,
        0,
        null,
        null,
        null,
        null,
        null,
        null,
        1,
        0,
        0,
        0,
        0,
        null,
        null,
        null,
        1,
        null,
        1,
        0,
        null,
        null,
        null,
        1,
        0,
        null,
        null
      ],
      "/mnt/c/users/rapha/desktop/Rocket_Elevators_Foundation/spec/lib/elevator_media/streamer_spec.rb": [
        1,
        1,
        1,
        1,
        1,
        null,
        null,
        1,
        null,
        13,
        null,
        null,
        1,
        1,
        null,
        null,
        null,
        1,
        1,
        null,
        null,
        null,
        1,
        null,
        null,
        1,
        1,
        1,
        1,
        null,
        null,
        null,
        1,
        1,
        1,
        null,
        null,
        null,
        1,
        1,
        1,
        null,
        null,
        null,
        1,
        2,
        1,
        null,
        null,
        null,
        null,
        1,
        1,
        1,
        1,
        null,
        null,
        null,
        1,
        1,
        1,
        1,
        null,
        null,
        null,
        1,
        1,
        1,
        1,
        null,
        null,
        null,
        1,
        2,
        1,
        1,
        1,
        null,
        null,
        null,
        1,
        2,
        1,
        1,
        1,
        null,
        null,
        null,
        1,
        2,
        1,
        1,
        1,
        null,
        null,
        null
      ],
      "/mnt/c/users/rapha/desktop/Rocket_Elevators_Foundation/lib/elevator_media/Streamer.rb": [
        1,
        1,
        1,
        1,
        1,
        null,
        1,
        1,
        null,
        null,
        1,
        15,
        15,
        null,
        null,
        null,
        1,
        4,
        null,
        null,
        null,
        1,
        3,
        2,
        null,
        1,
        1,
        null,
        0,
        0,
        null,
        null,
        null,
        null,
        1,
        2,
        null,
        null,
        null,
        1,
        1,
        1,
        null,
        null,
        null,
        1,
        1,
        1,
        null,
        null,
        null,
        1,
        1,
        1,
        null,
        null,
        null,
        1,
        1,
        null,
        null,
        null,
        1,
        1,
        null,
        null,
        null,
        null
      ],
      "/mnt/c/users/rapha/desktop/Rocket_Elevators_Foundation/app/models/building_detail.rb": [
        1,
        1,
        null
      ],
      "/mnt/c/users/rapha/desktop/Rocket_Elevators_Foundation/app/models/intervention.rb": [
        1,
        1,
        1,
        1,
        1,
        1,
        1,
        1,
        null,
        null,
        null,
        null,
        null,
        null,
        null
      ],
      "/mnt/c/users/rapha/desktop/Rocket_Elevators_Foundation/app/models/lead.rb": [
        1,
        1,
        1,
        null,
        1,
        1,
        1,
        null,
        null,
        1,
        0,
        null,
        0,
        null,
        null,
        0,
        0,
        0,
        0,
        0,
        null,
        null,
        0,
        null,
        null,
        0,
        0,
        null,
        null,
        0,
        null,
        null,
        null,
        0,
        null,
        0,
        null,
        0,
        0,
        null,
        null,
        null,
        null,
        null
      ],
      "/mnt/c/users/rapha/desktop/Rocket_Elevators_Foundation/app/models/quote.rb": [
        1,
        1,
        1,
        1,
        1,
        null
      ],
      "/mnt/c/users/rapha/desktop/Rocket_Elevators_Foundation/app/models/building.rb": [
        1,
        1,
        1,
        1,
        null,
        null
      ],
      "/mnt/c/users/rapha/desktop/Rocket_Elevators_Foundation/app/models/stat.rb": [
        1,
        null
      ]
    },
    "timestamp": 1556313194
  }
}
